<?xml version="1.0" encoding="UTF-8"?>
<testng-results total="1" passed="1" failed="0" skipped="0">
  <reporter-output>
  </reporter-output>
  <suite started-at="2023-09-14T18:22:21Z" name="Suite" finished-at="2023-09-14T18:22:32Z" duration-ms="11102">
    <groups>
    </groups>
    <test started-at="2023-09-14T18:22:21Z" name="Test" finished-at="2023-09-14T18:22:32Z" duration-ms="11102">
      <class name="com.ui.test.RegisterTest">
        <test-method is-config="true" signature="setUp()[pri:0, instance:com.ui.test.RegisterTest@14008db3]" started-at="2023-09-14T23:52:16Z" name="setUp" finished-at="2023-09-14T23:52:21Z" duration-ms="4522" status="PASS">
          <reporter-output>
          </reporter-output>
        </test-method> <!-- setUp -->
        <test-method signature="Register()[pri:0, instance:com.ui.test.RegisterTest@14008db3]" started-at="2023-09-14T23:52:21Z" name="Register" finished-at="2023-09-14T23:52:32Z" duration-ms="11098" status="PASS">
          <reporter-output>
          </reporter-output>
        </test-method> <!-- Register -->
        <test-method is-config="true" signature="tearDown()[pri:0, instance:com.ui.test.RegisterTest@14008db3]" started-at="2023-09-14T23:52:32Z" name="tearDown" finished-at="2023-09-14T23:52:32Z" duration-ms="97" status="PASS">
          <reporter-output>
          </reporter-output>
        </test-method> <!-- tearDown -->
      </class> <!-- com.ui.test.RegisterTest -->
    </test> <!-- Test -->
  </suite> <!-- Suite -->
</testng-results>
