<?xml version="1.0" encoding="UTF-8"?>
<testng-results ignored="0" total="1" passed="1" failed="0" skipped="0">
  <reporter-output>
  </reporter-output>
  <suite started-at="2023-09-14T23:34:58 IST" name="Default suite" finished-at="2023-09-14T23:35:08 IST" duration-ms="10154">
    <groups>
    </groups>
    <test started-at="2023-09-14T23:34:58 IST" name="Default test" finished-at="2023-09-14T23:35:08 IST" duration-ms="10154">
      <class name="com.ui.test.RegisterTest">
        <test-method is-config="true" signature="setUp()[pri:0, instance:com.ui.test.RegisterTest@18271936]" started-at="2023-09-14T23:34:51 IST" name="setUp" finished-at="2023-09-14T23:34:58 IST" duration-ms="7655" status="PASS">
          <reporter-output>
          </reporter-output>
        </test-method> <!-- setUp -->
        <test-method signature="Register()[pri:0, instance:com.ui.test.RegisterTest@18271936]" started-at="2023-09-14T23:34:58 IST" name="Register" finished-at="2023-09-14T23:35:08 IST" duration-ms="10119" status="PASS">
          <reporter-output>
          </reporter-output>
        </test-method> <!-- Register -->
      </class> <!-- com.ui.test.RegisterTest -->
    </test> <!-- Default test -->
  </suite> <!-- Default suite -->
</testng-results>
